<?xml version="1.0" encoding="UTF-8"?>
<testsuite xmlns:xsi="http://www.w3.org/2001/XMLSchema-instance" xsi:noNamespaceSchemaLocation="https://maven.apache.org/surefire/maven-surefire-plugin/xsd/surefire-test-report.xsd" name="com.meski.petclinic.PetClinicApplicationTest" time="0.167" tests="1" errors="0" skipped="0" failures="0">
  <properties>
    <property name="sun.desktop" value="windows"/>
    <property name="awt.toolkit" value="sun.awt.windows.WToolkit"/>
    <property name="java.specification.version" value="11"/>
    <property name="sun.cpu.isalist" value="amd64"/>
    <property name="sun.jnu.encoding" value="Cp1252"/>
    <property name="java.class.path" value="C:\development\my_dev\SPRING\pet-clinic\pet-clinic-web\target\test-classes;C:\development\my_dev\SPRING\pet-clinic\pet-clinic-web\target\classes;C:\development\my_dev\SPRING\pet-clinic\pet-clinic-data\target\pet-clinic-data-0.0.6.jar;C:\dev\m\org\springframework\boot\spring-boot-starter-data-jpa\2.1.0.RELEASE\spring-boot-starter-data-jpa-2.1.0.RELEASE.jar;C:\dev\m\org\springframework\boot\spring-boot-starter-aop\2.1.0.RELEASE\spring-boot-starter-aop-2.1.0.RELEASE.jar;C:\dev\m\org\aspectj\aspectjweaver\1.9.2\aspectjweaver-1.9.2.jar;C:\dev\m\org\springframework\boot\spring-boot-starter-jdbc\2.1.0.RELEASE\spring-boot-starter-jdbc-2.1.0.RELEASE.jar;C:\dev\m\com\zaxxer\HikariCP\3.2.0\HikariCP-3.2.0.jar;C:\dev\m\org\springframework\spring-jdbc\5.1.2.RELEASE\spring-jdbc-5.1.2.RELEASE.jar;C:\dev\m\javax\transaction\javax.transaction-api\1.3\javax.transaction-api-1.3.jar;C:\dev\m\javax\xml\bind\jaxb-api\2.3.1\jaxb-api-2.3.1.jar;C:\dev\m\javax\activation\javax.activation-api\1.2.0\javax.activation-api-1.2.0.jar;C:\dev\m\org\hibernate\hibernate-core\5.3.7.Final\hibernate-core-5.3.7.Final.jar;C:\dev\m\javax\persistence\javax.persistence-api\2.2\javax.persistence-api-2.2.jar;C:\dev\m\org\javassist\javassist\3.23.1-GA\javassist-3.23.1-GA.jar;C:\dev\m\antlr\antlr\2.7.7\antlr-2.7.7.jar;C:\dev\m\org\jboss\jandex\2.0.5.Final\jandex-2.0.5.Final.jar;C:\dev\m\org\dom4j\dom4j\2.1.1\dom4j-2.1.1.jar;C:\dev\m\org\hibernate\common\hibernate-commons-annotations\5.0.4.Final\hibernate-commons-annotations-5.0.4.Final.jar;C:\dev\m\org\springframework\data\spring-data-jpa\2.1.2.RELEASE\spring-data-jpa-2.1.2.RELEASE.jar;C:\dev\m\org\springframework\data\spring-data-commons\2.1.2.RELEASE\spring-data-commons-2.1.2.RELEASE.jar;C:\dev\m\org\springframework\spring-orm\5.1.2.RELEASE\spring-orm-5.1.2.RELEASE.jar;C:\dev\m\org\springframework\spring-tx\5.1.2.RELEASE\spring-tx-5.1.2.RELEASE.jar;C:\dev\m\org\springframework\spring-aspects\5.1.2.RELEASE\spring-aspects-5.1.2.RELEASE.jar;C:\dev\m\com\h2database\h2\1.4.197\h2-1.4.197.jar;C:\dev\m\mysql\mysql-connector-java\8.0.13\mysql-connector-java-8.0.13.jar;C:\dev\m\org\springframework\boot\spring-boot-starter-actuator\2.1.0.RELEASE\spring-boot-starter-actuator-2.1.0.RELEASE.jar;C:\dev\m\org\springframework\boot\spring-boot-starter\2.1.0.RELEASE\spring-boot-starter-2.1.0.RELEASE.jar;C:\dev\m\org\springframework\boot\spring-boot-starter-logging\2.1.0.RELEASE\spring-boot-starter-logging-2.1.0.RELEASE.jar;C:\dev\m\ch\qos\logback\logback-classic\1.2.3\logback-classic-1.2.3.jar;C:\dev\m\ch\qos\logback\logback-core\1.2.3\logback-core-1.2.3.jar;C:\dev\m\org\apache\logging\log4j\log4j-to-slf4j\2.11.1\log4j-to-slf4j-2.11.1.jar;C:\dev\m\org\apache\logging\log4j\log4j-api\2.11.1\log4j-api-2.11.1.jar;C:\dev\m\org\slf4j\jul-to-slf4j\1.7.25\jul-to-slf4j-1.7.25.jar;C:\dev\m\javax\annotation\javax.annotation-api\1.3.2\javax.annotation-api-1.3.2.jar;C:\dev\m\org\yaml\snakeyaml\1.23\snakeyaml-1.23.jar;C:\dev\m\org\springframework\boot\spring-boot-actuator-autoconfigure\2.1.0.RELEASE\spring-boot-actuator-autoconfigure-2.1.0.RELEASE.jar;C:\dev\m\org\springframework\boot\spring-boot-actuator\2.1.0.RELEASE\spring-boot-actuator-2.1.0.RELEASE.jar;C:\dev\m\com\fasterxml\jackson\core\jackson-databind\2.9.7\jackson-databind-2.9.7.jar;C:\dev\m\com\fasterxml\jackson\core\jackson-annotations\2.9.0\jackson-annotations-2.9.0.jar;C:\dev\m\com\fasterxml\jackson\core\jackson-core\2.9.7\jackson-core-2.9.7.jar;C:\dev\m\org\springframework\spring-context\5.1.2.RELEASE\spring-context-5.1.2.RELEASE.jar;C:\dev\m\com\fasterxml\jackson\datatype\jackson-datatype-jsr310\2.9.7\jackson-datatype-jsr310-2.9.7.jar;C:\dev\m\io\micrometer\micrometer-core\1.1.0\micrometer-core-1.1.0.jar;C:\dev\m\org\hdrhistogram\HdrHistogram\2.1.9\HdrHistogram-2.1.9.jar;C:\dev\m\org\latencyutils\LatencyUtils\2.0.3\LatencyUtils-2.0.3.jar;C:\dev\m\org\springframework\boot\spring-boot-starter-thymeleaf\2.1.0.RELEASE\spring-boot-starter-thymeleaf-2.1.0.RELEASE.jar;C:\dev\m\org\thymeleaf\thymeleaf-spring5\3.0.11.RELEASE\thymeleaf-spring5-3.0.11.RELEASE.jar;C:\dev\m\org\thymeleaf\thymeleaf\3.0.11.RELEASE\thymeleaf-3.0.11.RELEASE.jar;C:\dev\m\org\attoparser\attoparser\2.0.5.RELEASE\attoparser-2.0.5.RELEASE.jar;C:\dev\m\org\unbescape\unbescape\1.1.6.RELEASE\unbescape-1.1.6.RELEASE.jar;C:\dev\m\org\slf4j\slf4j-api\1.7.25\slf4j-api-1.7.25.jar;C:\dev\m\org\thymeleaf\extras\thymeleaf-extras-java8time\3.0.1.RELEASE\thymeleaf-extras-java8time-3.0.1.RELEASE.jar;C:\dev\m\org\springframework\boot\spring-boot-starter-web\2.1.0.RELEASE\spring-boot-starter-web-2.1.0.RELEASE.jar;C:\dev\m\org\springframework\boot\spring-boot-starter-json\2.1.0.RELEASE\spring-boot-starter-json-2.1.0.RELEASE.jar;C:\dev\m\com\fasterxml\jackson\datatype\jackson-datatype-jdk8\2.9.7\jackson-datatype-jdk8-2.9.7.jar;C:\dev\m\com\fasterxml\jackson\module\jackson-module-parameter-names\2.9.7\jackson-module-parameter-names-2.9.7.jar;C:\dev\m\org\springframework\boot\spring-boot-starter-tomcat\2.1.0.RELEASE\spring-boot-starter-tomcat-2.1.0.RELEASE.jar;C:\dev\m\org\apache\tomcat\embed\tomcat-embed-core\9.0.12\tomcat-embed-core-9.0.12.jar;C:\dev\m\org\apache\tomcat\embed\tomcat-embed-el\9.0.12\tomcat-embed-el-9.0.12.jar;C:\dev\m\org\apache\tomcat\embed\tomcat-embed-websocket\9.0.12\tomcat-embed-websocket-9.0.12.jar;C:\dev\m\org\hibernate\validator\hibernate-validator\6.0.13.Final\hibernate-validator-6.0.13.Final.jar;C:\dev\m\javax\validation\validation-api\2.0.1.Final\validation-api-2.0.1.Final.jar;C:\dev\m\org\jboss\logging\jboss-logging\3.3.2.Final\jboss-logging-3.3.2.Final.jar;C:\dev\m\com\fasterxml\classmate\1.4.0\classmate-1.4.0.jar;C:\dev\m\org\springframework\spring-web\5.1.2.RELEASE\spring-web-5.1.2.RELEASE.jar;C:\dev\m\org\springframework\spring-beans\5.1.2.RELEASE\spring-beans-5.1.2.RELEASE.jar;C:\dev\m\org\springframework\spring-webmvc\5.1.2.RELEASE\spring-webmvc-5.1.2.RELEASE.jar;C:\dev\m\org\springframework\spring-aop\5.1.2.RELEASE\spring-aop-5.1.2.RELEASE.jar;C:\dev\m\org\springframework\spring-expression\5.1.2.RELEASE\spring-expression-5.1.2.RELEASE.jar;C:\dev\m\org\springframework\boot\spring-boot-devtools\2.1.0.RELEASE\spring-boot-devtools-2.1.0.RELEASE.jar;C:\dev\m\org\springframework\boot\spring-boot\2.1.0.RELEASE\spring-boot-2.1.0.RELEASE.jar;C:\dev\m\org\springframework\boot\spring-boot-autoconfigure\2.1.0.RELEASE\spring-boot-autoconfigure-2.1.0.RELEASE.jar;C:\dev\m\org\springframework\boot\spring-boot-starter-test\2.1.0.RELEASE\spring-boot-starter-test-2.1.0.RELEASE.jar;C:\dev\m\org\springframework\boot\spring-boot-test\2.1.0.RELEASE\spring-boot-test-2.1.0.RELEASE.jar;C:\dev\m\org\springframework\boot\spring-boot-test-autoconfigure\2.1.0.RELEASE\spring-boot-test-autoconfigure-2.1.0.RELEASE.jar;C:\dev\m\com\jayway\jsonpath\json-path\2.4.0\json-path-2.4.0.jar;C:\dev\m\net\minidev\json-smart\2.3\json-smart-2.3.jar;C:\dev\m\net\minidev\accessors-smart\1.2\accessors-smart-1.2.jar;C:\dev\m\org\ow2\asm\asm\5.0.4\asm-5.0.4.jar;C:\dev\m\junit\junit\4.12\junit-4.12.jar;C:\dev\m\org\assertj\assertj-core\3.11.1\assertj-core-3.11.1.jar;C:\dev\m\org\mockito\mockito-core\2.23.0\mockito-core-2.23.0.jar;C:\dev\m\net\bytebuddy\byte-buddy\1.9.3\byte-buddy-1.9.3.jar;C:\dev\m\net\bytebuddy\byte-buddy-agent\1.9.3\byte-buddy-agent-1.9.3.jar;C:\dev\m\org\objenesis\objenesis\2.6\objenesis-2.6.jar;C:\dev\m\org\hamcrest\hamcrest-core\1.3\hamcrest-core-1.3.jar;C:\dev\m\org\hamcrest\hamcrest-library\1.3\hamcrest-library-1.3.jar;C:\dev\m\org\skyscreamer\jsonassert\1.5.0\jsonassert-1.5.0.jar;C:\dev\m\com\vaadin\external\google\android-json\0.0.20131108.vaadin1\android-json-0.0.20131108.vaadin1.jar;C:\dev\m\org\springframework\spring-core\5.1.2.RELEASE\spring-core-5.1.2.RELEASE.jar;C:\dev\m\org\springframework\spring-jcl\5.1.2.RELEASE\spring-jcl-5.1.2.RELEASE.jar;C:\dev\m\org\springframework\spring-test\5.1.2.RELEASE\spring-test-5.1.2.RELEASE.jar;C:\dev\m\org\xmlunit\xmlunit-core\2.6.2\xmlunit-core-2.6.2.jar;"/>
    <property name="java.vm.vendor" value="AdoptOpenJDK"/>
    <property name="sun.arch.data.model" value="64"/>
    <property name="user.variant" value=""/>
    <property name="java.vendor.url" value="https://adoptopenjdk.net/"/>
    <property name="user.timezone" value="Europe/Berlin"/>
    <property name="java.vm.specification.version" value="11"/>
    <property name="os.name" value="Windows 10"/>
    <property name="sun.java.launcher" value="SUN_STANDARD"/>
    <property name="user.country" value="AT"/>
    <property name="sun.boot.library.path" value="C:\scoop\apps\adopt11-hotspot\current\bin"/>
    <property name="sun.java.command" value="C:\temp\surefire16662238478321852769\surefirebooter7550234266570121814.jar C:\temp\surefire16662238478321852769 2021-11-05T22-01-02_481-jvmRun1 surefire3404681458596682515tmp surefire_01340769759000165719tmp"/>
    <property name="jdk.debug" value="release"/>
    <property name="surefire.test.class.path" value="C:\development\my_dev\SPRING\pet-clinic\pet-clinic-web\target\test-classes;C:\development\my_dev\SPRING\pet-clinic\pet-clinic-web\target\classes;C:\development\my_dev\SPRING\pet-clinic\pet-clinic-data\target\pet-clinic-data-0.0.6.jar;C:\dev\m\org\springframework\boot\spring-boot-starter-data-jpa\2.1.0.RELEASE\spring-boot-starter-data-jpa-2.1.0.RELEASE.jar;C:\dev\m\org\springframework\boot\spring-boot-starter-aop\2.1.0.RELEASE\spring-boot-starter-aop-2.1.0.RELEASE.jar;C:\dev\m\org\aspectj\aspectjweaver\1.9.2\aspectjweaver-1.9.2.jar;C:\dev\m\org\springframework\boot\spring-boot-starter-jdbc\2.1.0.RELEASE\spring-boot-starter-jdbc-2.1.0.RELEASE.jar;C:\dev\m\com\zaxxer\HikariCP\3.2.0\HikariCP-3.2.0.jar;C:\dev\m\org\springframework\spring-jdbc\5.1.2.RELEASE\spring-jdbc-5.1.2.RELEASE.jar;C:\dev\m\javax\transaction\javax.transaction-api\1.3\javax.transaction-api-1.3.jar;C:\dev\m\javax\xml\bind\jaxb-api\2.3.1\jaxb-api-2.3.1.jar;C:\dev\m\javax\activation\javax.activation-api\1.2.0\javax.activation-api-1.2.0.jar;C:\dev\m\org\hibernate\hibernate-core\5.3.7.Final\hibernate-core-5.3.7.Final.jar;C:\dev\m\javax\persistence\javax.persistence-api\2.2\javax.persistence-api-2.2.jar;C:\dev\m\org\javassist\javassist\3.23.1-GA\javassist-3.23.1-GA.jar;C:\dev\m\antlr\antlr\2.7.7\antlr-2.7.7.jar;C:\dev\m\org\jboss\jandex\2.0.5.Final\jandex-2.0.5.Final.jar;C:\dev\m\org\dom4j\dom4j\2.1.1\dom4j-2.1.1.jar;C:\dev\m\org\hibernate\common\hibernate-commons-annotations\5.0.4.Final\hibernate-commons-annotations-5.0.4.Final.jar;C:\dev\m\org\springframework\data\spring-data-jpa\2.1.2.RELEASE\spring-data-jpa-2.1.2.RELEASE.jar;C:\dev\m\org\springframework\data\spring-data-commons\2.1.2.RELEASE\spring-data-commons-2.1.2.RELEASE.jar;C:\dev\m\org\springframework\spring-orm\5.1.2.RELEASE\spring-orm-5.1.2.RELEASE.jar;C:\dev\m\org\springframework\spring-tx\5.1.2.RELEASE\spring-tx-5.1.2.RELEASE.jar;C:\dev\m\org\springframework\spring-aspects\5.1.2.RELEASE\spring-aspects-5.1.2.RELEASE.jar;C:\dev\m\com\h2database\h2\1.4.197\h2-1.4.197.jar;C:\dev\m\mysql\mysql-connector-java\8.0.13\mysql-connector-java-8.0.13.jar;C:\dev\m\org\springframework\boot\spring-boot-starter-actuator\2.1.0.RELEASE\spring-boot-starter-actuator-2.1.0.RELEASE.jar;C:\dev\m\org\springframework\boot\spring-boot-starter\2.1.0.RELEASE\spring-boot-starter-2.1.0.RELEASE.jar;C:\dev\m\org\springframework\boot\spring-boot-starter-logging\2.1.0.RELEASE\spring-boot-starter-logging-2.1.0.RELEASE.jar;C:\dev\m\ch\qos\logback\logback-classic\1.2.3\logback-classic-1.2.3.jar;C:\dev\m\ch\qos\logback\logback-core\1.2.3\logback-core-1.2.3.jar;C:\dev\m\org\apache\logging\log4j\log4j-to-slf4j\2.11.1\log4j-to-slf4j-2.11.1.jar;C:\dev\m\org\apache\logging\log4j\log4j-api\2.11.1\log4j-api-2.11.1.jar;C:\dev\m\org\slf4j\jul-to-slf4j\1.7.25\jul-to-slf4j-1.7.25.jar;C:\dev\m\javax\annotation\javax.annotation-api\1.3.2\javax.annotation-api-1.3.2.jar;C:\dev\m\org\yaml\snakeyaml\1.23\snakeyaml-1.23.jar;C:\dev\m\org\springframework\boot\spring-boot-actuator-autoconfigure\2.1.0.RELEASE\spring-boot-actuator-autoconfigure-2.1.0.RELEASE.jar;C:\dev\m\org\springframework\boot\spring-boot-actuator\2.1.0.RELEASE\spring-boot-actuator-2.1.0.RELEASE.jar;C:\dev\m\com\fasterxml\jackson\core\jackson-databind\2.9.7\jackson-databind-2.9.7.jar;C:\dev\m\com\fasterxml\jackson\core\jackson-annotations\2.9.0\jackson-annotations-2.9.0.jar;C:\dev\m\com\fasterxml\jackson\core\jackson-core\2.9.7\jackson-core-2.9.7.jar;C:\dev\m\org\springframework\spring-context\5.1.2.RELEASE\spring-context-5.1.2.RELEASE.jar;C:\dev\m\com\fasterxml\jackson\datatype\jackson-datatype-jsr310\2.9.7\jackson-datatype-jsr310-2.9.7.jar;C:\dev\m\io\micrometer\micrometer-core\1.1.0\micrometer-core-1.1.0.jar;C:\dev\m\org\hdrhistogram\HdrHistogram\2.1.9\HdrHistogram-2.1.9.jar;C:\dev\m\org\latencyutils\LatencyUtils\2.0.3\LatencyUtils-2.0.3.jar;C:\dev\m\org\springframework\boot\spring-boot-starter-thymeleaf\2.1.0.RELEASE\spring-boot-starter-thymeleaf-2.1.0.RELEASE.jar;C:\dev\m\org\thymeleaf\thymeleaf-spring5\3.0.11.RELEASE\thymeleaf-spring5-3.0.11.RELEASE.jar;C:\dev\m\org\thymeleaf\thymeleaf\3.0.11.RELEASE\thymeleaf-3.0.11.RELEASE.jar;C:\dev\m\org\attoparser\attoparser\2.0.5.RELEASE\attoparser-2.0.5.RELEASE.jar;C:\dev\m\org\unbescape\unbescape\1.1.6.RELEASE\unbescape-1.1.6.RELEASE.jar;C:\dev\m\org\slf4j\slf4j-api\1.7.25\slf4j-api-1.7.25.jar;C:\dev\m\org\thymeleaf\extras\thymeleaf-extras-java8time\3.0.1.RELEASE\thymeleaf-extras-java8time-3.0.1.RELEASE.jar;C:\dev\m\org\springframework\boot\spring-boot-starter-web\2.1.0.RELEASE\spring-boot-starter-web-2.1.0.RELEASE.jar;C:\dev\m\org\springframework\boot\spring-boot-starter-json\2.1.0.RELEASE\spring-boot-starter-json-2.1.0.RELEASE.jar;C:\dev\m\com\fasterxml\jackson\datatype\jackson-datatype-jdk8\2.9.7\jackson-datatype-jdk8-2.9.7.jar;C:\dev\m\com\fasterxml\jackson\module\jackson-module-parameter-names\2.9.7\jackson-module-parameter-names-2.9.7.jar;C:\dev\m\org\springframework\boot\spring-boot-starter-tomcat\2.1.0.RELEASE\spring-boot-starter-tomcat-2.1.0.RELEASE.jar;C:\dev\m\org\apache\tomcat\embed\tomcat-embed-core\9.0.12\tomcat-embed-core-9.0.12.jar;C:\dev\m\org\apache\tomcat\embed\tomcat-embed-el\9.0.12\tomcat-embed-el-9.0.12.jar;C:\dev\m\org\apache\tomcat\embed\tomcat-embed-websocket\9.0.12\tomcat-embed-websocket-9.0.12.jar;C:\dev\m\org\hibernate\validator\hibernate-validator\6.0.13.Final\hibernate-validator-6.0.13.Final.jar;C:\dev\m\javax\validation\validation-api\2.0.1.Final\validation-api-2.0.1.Final.jar;C:\dev\m\org\jboss\logging\jboss-logging\3.3.2.Final\jboss-logging-3.3.2.Final.jar;C:\dev\m\com\fasterxml\classmate\1.4.0\classmate-1.4.0.jar;C:\dev\m\org\springframework\spring-web\5.1.2.RELEASE\spring-web-5.1.2.RELEASE.jar;C:\dev\m\org\springframework\spring-beans\5.1.2.RELEASE\spring-beans-5.1.2.RELEASE.jar;C:\dev\m\org\springframework\spring-webmvc\5.1.2.RELEASE\spring-webmvc-5.1.2.RELEASE.jar;C:\dev\m\org\springframework\spring-aop\5.1.2.RELEASE\spring-aop-5.1.2.RELEASE.jar;C:\dev\m\org\springframework\spring-expression\5.1.2.RELEASE\spring-expression-5.1.2.RELEASE.jar;C:\dev\m\org\springframework\boot\spring-boot-devtools\2.1.0.RELEASE\spring-boot-devtools-2.1.0.RELEASE.jar;C:\dev\m\org\springframework\boot\spring-boot\2.1.0.RELEASE\spring-boot-2.1.0.RELEASE.jar;C:\dev\m\org\springframework\boot\spring-boot-autoconfigure\2.1.0.RELEASE\spring-boot-autoconfigure-2.1.0.RELEASE.jar;C:\dev\m\org\springframework\boot\spring-boot-starter-test\2.1.0.RELEASE\spring-boot-starter-test-2.1.0.RELEASE.jar;C:\dev\m\org\springframework\boot\spring-boot-test\2.1.0.RELEASE\spring-boot-test-2.1.0.RELEASE.jar;C:\dev\m\org\springframework\boot\spring-boot-test-autoconfigure\2.1.0.RELEASE\spring-boot-test-autoconfigure-2.1.0.RELEASE.jar;C:\dev\m\com\jayway\jsonpath\json-path\2.4.0\json-path-2.4.0.jar;C:\dev\m\net\minidev\json-smart\2.3\json-smart-2.3.jar;C:\dev\m\net\minidev\accessors-smart\1.2\accessors-smart-1.2.jar;C:\dev\m\org\ow2\asm\asm\5.0.4\asm-5.0.4.jar;C:\dev\m\junit\junit\4.12\junit-4.12.jar;C:\dev\m\org\assertj\assertj-core\3.11.1\assertj-core-3.11.1.jar;C:\dev\m\org\mockito\mockito-core\2.23.0\mockito-core-2.23.0.jar;C:\dev\m\net\bytebuddy\byte-buddy\1.9.3\byte-buddy-1.9.3.jar;C:\dev\m\net\bytebuddy\byte-buddy-agent\1.9.3\byte-buddy-agent-1.9.3.jar;C:\dev\m\org\objenesis\objenesis\2.6\objenesis-2.6.jar;C:\dev\m\org\hamcrest\hamcrest-core\1.3\hamcrest-core-1.3.jar;C:\dev\m\org\hamcrest\hamcrest-library\1.3\hamcrest-library-1.3.jar;C:\dev\m\org\skyscreamer\jsonassert\1.5.0\jsonassert-1.5.0.jar;C:\dev\m\com\vaadin\external\google\android-json\0.0.20131108.vaadin1\android-json-0.0.20131108.vaadin1.jar;C:\dev\m\org\springframework\spring-core\5.1.2.RELEASE\spring-core-5.1.2.RELEASE.jar;C:\dev\m\org\springframework\spring-jcl\5.1.2.RELEASE\spring-jcl-5.1.2.RELEASE.jar;C:\dev\m\org\springframework\spring-test\5.1.2.RELEASE\spring-test-5.1.2.RELEASE.jar;C:\dev\m\org\xmlunit\xmlunit-core\2.6.2\xmlunit-core-2.6.2.jar;"/>
    <property name="sun.cpu.endian" value="little"/>
    <property name="user.home" value="C:\Users\G6YBI4P"/>
    <property name="user.language" value="de"/>
    <property name="java.specification.vendor" value="Oracle Corporation"/>
    <property name="java.version.date" value="2021-01-19"/>
    <property name="java.home" value="C:\scoop\apps\adopt11-hotspot\current"/>
    <property name="file.separator" value="\"/>
    <property name="basedir" value="C:\development\my_dev\SPRING\pet-clinic\pet-clinic-web"/>
    <property name="java.vm.compressedOopsMode" value="Zero based"/>
    <property name="line.separator" value="&#10;"/>
    <property name="java.specification.name" value="Java Platform API Specification"/>
    <property name="java.vm.specification.vendor" value="Oracle Corporation"/>
    <property name="java.awt.graphicsenv" value="sun.awt.Win32GraphicsEnvironment"/>
    <property name="surefire.real.class.path" value="C:\temp\surefire16662238478321852769\surefirebooter7550234266570121814.jar"/>
    <property name="user.script" value=""/>
    <property name="sun.management.compiler" value="HotSpot 64-Bit Tiered Compilers"/>
    <property name="java.runtime.version" value="11.0.10+9"/>
    <property name="user.name" value="G6YBI4P"/>
    <property name="path.separator" value=";"/>
    <property name="os.version" value="10.0"/>
    <property name="java.runtime.name" value="OpenJDK Runtime Environment"/>
    <property name="file.encoding" value="Cp1252"/>
    <property name="java.vm.name" value="OpenJDK 64-Bit Server VM"/>
    <property name="java.vendor.version" value="AdoptOpenJDK"/>
    <property name="localRepository" value="C:\dev\m"/>
    <property name="java.vendor.url.bug" value="https://github.com/AdoptOpenJDK/openjdk-support/issues"/>
    <property name="java.io.tmpdir" value="C:\temp\"/>
    <property name="java.version" value="11.0.10"/>
    <property name="user.dir" value="C:\development\my_dev\SPRING\pet-clinic\pet-clinic-web"/>
    <property name="os.arch" value="amd64"/>
    <property name="java.vm.specification.name" value="Java Virtual Machine Specification"/>
    <property name="java.awt.printerjob" value="sun.awt.windows.WPrinterJob"/>
    <property name="sun.os.patch.level" value=""/>
    <property name="java.library.path" value="C:\scoop\apps\adopt11-hotspot\current\bin;C:\Windows\Sun\Java\bin;C:\Windows\system32;C:\Windows;C:\Program Files\Zulu\zulu-8\bin\;C:\Program Files (x86)\CA\DSM\bin;C:\Program Files (x86)\CA\SC\CAWIN\;C:\Windows\system32;C:\Windows;C:\Windows\System32\Wbem;C:\Windows\System32\WindowsPowerShell\v1.0\;C:\Windows\System32\OpenSSH\;C:\Program Files (x86)\CA\SC\Csam\SockAdapter\bin;C:\Program Files (x86)\CA\SC\Csam\SockAdapter\bin64;C:\Program Files (x86)\CA\DSM\bin;C:\Program Files (x86)\CA\SC\CBB\;C:\PROGRA~2\CA\SC\CAM\bin;C:\Program Files (x86)\CA\DSM\Bin\;C:\Program Files (x86)\LeadRT;D:\Programme\Inf930\bin;C:\Program Files\TortoiseGit\bin;C:\Program Files\Docker\Docker\resources\bin;C:\ProgramData\DockerDesktop\version-bin;C:\HashiCorp\Vagrant\bin;C:\Program Files (x86)\OraHome19\instantclient_19_5;C:\ProgramData\chocolatey\bin;C:\Ruby30-x64\bin;C:\scoop\apps\idea-ultimate\current\bin;C:\scoop\apps\maven\current\bin;C:\scoop\apps\adopt11-hotspot\current\bin;C:\scoop\apps\nodejs-lts\current\bin;C:\scoop\apps\nodejs-lts\current;C:\scoop\shims;C:\Users\G6YBI4P\AppData\Local\Microsoft\WindowsApps;C:\Users\G6YBI4P\AppData\Local\Programs\Git\cmd;C:\Users\G6YBI4P\AppData\Local\Programs\Microsoft VS Code\bin;C:\Users\G6YBI4P\AppData\Roaming\cabal\bin;C:\tools\ghc-9.0.1\bin;C:\tools\msys64;;."/>
    <property name="java.vm.info" value="mixed mode"/>
    <property name="java.vendor" value="AdoptOpenJDK"/>
    <property name="java.vm.version" value="11.0.10+9"/>
    <property name="sun.io.unicode.encoding" value="UnicodeLittle"/>
    <property name="maven.repo.local" value="C:\dev\m"/>
    <property name="java.class.version" value="55.0"/>
  </properties>
  <testcase name="main" classname="com.meski.petclinic.PetClinicApplicationTest" time="0.009"/>
</testsuite>